\BOOKMARK [0][-]{section*.3}{Lista de Figuras}{}% 1
\BOOKMARK [0][-]{chapter.1}{Introdu\347\343o}{}% 2
\BOOKMARK [1][-]{section.1.1}{Justificativa}{chapter.1}% 3
\BOOKMARK [1][-]{section.1.2}{Objetivos}{chapter.1}% 4
\BOOKMARK [2][-]{subsection.1.2.1}{Objetivo Geral}{section.1.2}% 5
\BOOKMARK [2][-]{subsection.1.2.2}{Objetivos Espec\355ficos}{section.1.2}% 6
\BOOKMARK [1][-]{section.1.3}{Trabalhos Corelatos}{chapter.1}% 7
\BOOKMARK [2][-]{subsection.1.3.1}{Calibra}{section.1.3}% 8
\BOOKMARK [2][-]{subsection.1.3.2}{VSS-Vision}{section.1.3}% 9
\BOOKMARK [1][-]{section.1.4}{Organiza\347\343o da Trabalho}{chapter.1}% 10
\BOOKMARK [0][-]{chapter.2}{Fundamenta\347\343o Te\363rica}{}% 11
\BOOKMARK [1][-]{section.2.1}{Processamento de Imagens}{chapter.2}% 12
\BOOKMARK [2][-]{subsection.2.1.1}{Detec\347\343o de Objetos}{section.2.1}% 13
\BOOKMARK [2][-]{subsection.2.1.2}{Detec\347\343o de Bordas}{section.2.1}% 14
\BOOKMARK [1][-]{section.2.2}{Cores}{chapter.2}% 15
\BOOKMARK [2][-]{subsection.2.2.1}{Espa\347os de Cores}{section.2.2}% 16
\BOOKMARK [2][-]{subsection.2.2.2}{Modelo de Cores}{section.2.2}% 17
\BOOKMARK [1][-]{section.2.3}{Probabilidade e Estat\355stica}{chapter.2}% 18
\BOOKMARK [2][-]{subsection.2.3.1}{T de Student}{section.2.3}% 19
\BOOKMARK [2][-]{subsection.2.3.2}{Graus de Liberdade}{section.2.3}% 20
\BOOKMARK [2][-]{subsection.2.3.3}{Intervalos de Confian\347a}{section.2.3}% 21
\BOOKMARK [1][-]{section.2.4}{Futebol de Rob\364s}{chapter.2}% 22
\BOOKMARK [0][-]{chapter.3}{Desenvolvimento}{}% 23
\BOOKMARK [1][-]{section.3.1}{Tecnologias Usadas}{chapter.3}% 24
\BOOKMARK [1][-]{section.3.2}{Projeto}{chapter.3}% 25
\BOOKMARK [2][-]{subsection.3.2.1}{Organiza\347\343o do Projeto}{section.3.2}% 26
\BOOKMARK [2][-]{subsection.3.2.2}{Classes}{section.3.2}% 27
\BOOKMARK [1][-]{section.3.3}{O Sistema}{chapter.3}% 28
\BOOKMARK [2][-]{subsection.3.3.1}{Calibra\347\343o Automatica}{section.3.3}% 29
\BOOKMARK [2][-]{subsection.3.3.2}{Calibra\347\343o Manual}{section.3.3}% 30
\BOOKMARK [0][-]{chapter.4}{Resultados}{}% 31
\BOOKMARK [0][-]{chapter.5}{Conclus\343o}{}% 32
\BOOKMARK [0][-]{chapter.6}{Resultados}{}% 33
\BOOKMARK [0][-]{chapter.7}{Conclus\343o}{}% 34
\BOOKMARK [0][-]{section*.37}{Refer\352ncias Bibliogr\341ficas}{}% 35
\BOOKMARK [0][-]{Item.30}{Ap\352ndices}{}% 36
