This is pdfTeX, Version 3.1415926-2.5-1.40.14 (TeX Live 2013/Debian) (format=pdflatex 2016.7.18)  13 SEP 2016 22:56
entering extended mode
 restricted \write18 enabled.
 %&-line parsing enabled.
**tcc.tex
(./tcc.tex
LaTeX2e <2011/06/27>
Babel <3.9h> and hyphenation patterns for 78 languages loaded.
(./dct-class.cls (/usr/share/texlive/texmf-dist/tex/latex/base/report.cls
Document Class: report 2007/10/19 v1.4h Standard LaTeX document class
(/usr/share/texlive/texmf-dist/tex/latex/base/size12.clo
File: size12.clo 2007/10/19 v1.4h Standard LaTeX file (size option)
)
\c@part=\count79
\c@chapter=\count80
\c@section=\count81
\c@subsection=\count82
\c@subsubsection=\count83
\c@paragraph=\count84
\c@subparagraph=\count85
\c@figure=\count86
\c@table=\count87
\abovecaptionskip=\skip41
\belowcaptionskip=\skip42
\bibindent=\dimen102
)
(/usr/share/texlive/texmf-dist/tex/latex/base/inputenc.sty
Package: inputenc 2008/03/30 v1.1d Input encoding file
\inpenc@prehook=\toks14
\inpenc@posthook=\toks15

(/usr/share/texlive/texmf-dist/tex/latex/base/utf8.def
File: utf8.def 2008/04/05 v1.1m UTF-8 support for inputenc
Now handling font encoding OML ...
... no UTF-8 mapping file for font encoding OML
Now handling font encoding T1 ...
... processing UTF-8 mapping file for font encoding T1

(/usr/share/texlive/texmf-dist/tex/latex/base/t1enc.dfu
File: t1enc.dfu 2008/04/05 v1.1m UTF-8 support for inputenc
   defining Unicode char U+00A1 (decimal 161)
   defining Unicode char U+00A3 (decimal 163)
   defining Unicode char U+00AB (decimal 171)
   defining Unicode char U+00BB (decimal 187)
   defining Unicode char U+00BF (decimal 191)
   defining Unicode char U+00C0 (decimal 192)
   defining Unicode char U+00C1 (decimal 193)
   defining Unicode char U+00C2 (decimal 194)
   defining Unicode char U+00C3 (decimal 195)
   defining Unicode char U+00C4 (decimal 196)
   defining Unicode char U+00C5 (decimal 197)
   defining Unicode char U+00C6 (decimal 198)
   defining Unicode char U+00C7 (decimal 199)
   defining Unicode char U+00C8 (decimal 200)
   defining Unicode char U+00C9 (decimal 201)
   defining Unicode char U+00CA (decimal 202)
   defining Unicode char U+00CB (decimal 203)
   defining Unicode char U+00CC (decimal 204)
   defining Unicode char U+00CD (decimal 205)
   defining Unicode char U+00CE (decimal 206)
   defining Unicode char U+00CF (decimal 207)
   defining Unicode char U+00D0 (decimal 208)
   defining Unicode char U+00D1 (decimal 209)
   defining Unicode char U+00D2 (decimal 210)
   defining Unicode char U+00D3 (decimal 211)
   defining Unicode char U+00D4 (decimal 212)
   defining Unicode char U+00D5 (decimal 213)
   defining Unicode char U+00D6 (decimal 214)
   defining Unicode char U+00D8 (decimal 216)
   defining Unicode char U+00D9 (decimal 217)
   defining Unicode char U+00DA (decimal 218)
   defining Unicode char U+00DB (decimal 219)
   defining Unicode char U+00DC (decimal 220)
   defining Unicode char U+00DD (decimal 221)
   defining Unicode char U+00DE (decimal 222)
   defining Unicode char U+00DF (decimal 223)
   defining Unicode char U+00E0 (decimal 224)
   defining Unicode char U+00E1 (decimal 225)
   defining Unicode char U+00E2 (decimal 226)
   defining Unicode char U+00E3 (decimal 227)
   defining Unicode char U+00E4 (decimal 228)
   defining Unicode char U+00E5 (decimal 229)
   defining Unicode char U+00E6 (decimal 230)
   defining Unicode char U+00E7 (decimal 231)
   defining Unicode char U+00E8 (decimal 232)
   defining Unicode char U+00E9 (decimal 233)
   defining Unicode char U+00EA (decimal 234)
   defining Unicode char U+00EB (decimal 235)
   defining Unicode char U+00EC (decimal 236)
   defining Unicode char U+00ED (decimal 237)
   defining Unicode char U+00EE (decimal 238)
   defining Unicode char U+00EF (decimal 239)
   defining Unicode char U+00F0 (decimal 240)
   defining Unicode char U+00F1 (decimal 241)
   defining Unicode char U+00F2 (decimal 242)
   defining Unicode char U+00F3 (decimal 243)
   defining Unicode char U+00F4 (decimal 244)
   defining Unicode char U+00F5 (decimal 245)
   defining Unicode char U+00F6 (decimal 246)
   defining Unicode char U+00F8 (decimal 248)
   defining Unicode char U+00F9 (decimal 249)
   defining Unicode char U+00FA (decimal 250)
   defining Unicode char U+00FB (decimal 251)
   defining Unicode char U+00FC (decimal 252)
   defining Unicode char U+00FD (decimal 253)
   defining Unicode char U+00FE (decimal 254)
   defining Unicode char U+00FF (decimal 255)
   defining Unicode char U+0102 (decimal 258)
   defining Unicode char U+0103 (decimal 259)
   defining Unicode char U+0104 (decimal 260)
   defining Unicode char U+0105 (decimal 261)
   defining Unicode char U+0106 (decimal 262)
   defining Unicode char U+0107 (decimal 263)
   defining Unicode char U+010C (decimal 268)
   defining Unicode char U+010D (decimal 269)
   defining Unicode char U+010E (decimal 270)
   defining Unicode char U+010F (decimal 271)
   defining Unicode char U+0110 (decimal 272)
   defining Unicode char U+0111 (decimal 273)
   defining Unicode char U+0118 (decimal 280)
   defining Unicode char U+0119 (decimal 281)
   defining Unicode char U+011A (decimal 282)
   defining Unicode char U+011B (decimal 283)
   defining Unicode char U+011E (decimal 286)
   defining Unicode char U+011F (decimal 287)
   defining Unicode char U+0130 (decimal 304)
   defining Unicode char U+0131 (decimal 305)
   defining Unicode char U+0132 (decimal 306)
   defining Unicode char U+0133 (decimal 307)
   defining Unicode char U+0139 (decimal 313)
   defining Unicode char U+013A (decimal 314)
   defining Unicode char U+013D (decimal 317)
   defining Unicode char U+013E (decimal 318)
   defining Unicode char U+0141 (decimal 321)
   defining Unicode char U+0142 (decimal 322)
   defining Unicode char U+0143 (decimal 323)
   defining Unicode char U+0144 (decimal 324)
   defining Unicode char U+0147 (decimal 327)
   defining Unicode char U+0148 (decimal 328)
   defining Unicode char U+014A (decimal 330)
   defining Unicode char U+014B (decimal 331)
   defining Unicode char U+0150 (decimal 336)
   defining Unicode char U+0151 (decimal 337)
   defining Unicode char U+0152 (decimal 338)
   defining Unicode char U+0153 (decimal 339)
   defining Unicode char U+0154 (decimal 340)
   defining Unicode char U+0155 (decimal 341)
   defining Unicode char U+0158 (decimal 344)
   defining Unicode char U+0159 (decimal 345)
   defining Unicode char U+015A (decimal 346)
   defining Unicode char U+015B (decimal 347)
   defining Unicode char U+015E (decimal 350)
   defining Unicode char U+015F (decimal 351)
   defining Unicode char U+0160 (decimal 352)
   defining Unicode char U+0161 (decimal 353)
   defining Unicode char U+0162 (decimal 354)
   defining Unicode char U+0163 (decimal 355)
   defining Unicode char U+0164 (decimal 356)
   defining Unicode char U+0165 (decimal 357)
   defining Unicode char U+016E (decimal 366)
   defining Unicode char U+016F (decimal 367)
   defining Unicode char U+0170 (decimal 368)
   defining Unicode char U+0171 (decimal 369)
   defining Unicode char U+0178 (decimal 376)
   defining Unicode char U+0179 (decimal 377)
   defining Unicode char U+017A (decimal 378)
   defining Unicode char U+017B (decimal 379)
   defining Unicode char U+017C (decimal 380)
   defining Unicode char U+017D (decimal 381)
   defining Unicode char U+017E (decimal 382)
   defining Unicode char U+200C (decimal 8204)
   defining Unicode char U+2013 (decimal 8211)
   defining Unicode char U+2014 (decimal 8212)
   defining Unicode char U+2018 (decimal 8216)
   defining Unicode char U+2019 (decimal 8217)
   defining Unicode char U+201A (decimal 8218)
   defining Unicode char U+201C (decimal 8220)
   defining Unicode char U+201D (decimal 8221)
   defining Unicode char U+201E (decimal 8222)
   defining Unicode char U+2030 (decimal 8240)
   defining Unicode char U+2031 (decimal 8241)
   defining Unicode char U+2039 (decimal 8249)
   defining Unicode char U+203A (decimal 8250)
   defining Unicode char U+2423 (decimal 9251)
)
Now handling font encoding OT1 ...
... processing UTF-8 mapping file for font encoding OT1

(/usr/share/texlive/texmf-dist/tex/latex/base/ot1enc.dfu
File: ot1enc.dfu 2008/04/05 v1.1m UTF-8 support for inputenc
   defining Unicode char U+00A1 (decimal 161)
   defining Unicode char U+00A3 (decimal 163)
   defining Unicode char U+00B8 (decimal 184)
   defining Unicode char U+00BF (decimal 191)
   defining Unicode char U+00C5 (decimal 197)
   defining Unicode char U+00C6 (decimal 198)
   defining Unicode char U+00D8 (decimal 216)
   defining Unicode char U+00DF (decimal 223)
   defining Unicode char U+00E6 (decimal 230)
   defining Unicode char U+00EC (decimal 236)
   defining Unicode char U+00ED (decimal 237)
   defining Unicode char U+00EE (decimal 238)
   defining Unicode char U+00EF (decimal 239)
   defining Unicode char U+00F8 (decimal 248)
   defining Unicode char U+0131 (decimal 305)
   defining Unicode char U+0141 (decimal 321)
   defining Unicode char U+0142 (decimal 322)
   defining Unicode char U+0152 (decimal 338)
   defining Unicode char U+0153 (decimal 339)
   defining Unicode char U+2013 (decimal 8211)
   defining Unicode char U+2014 (decimal 8212)
   defining Unicode char U+2018 (decimal 8216)
   defining Unicode char U+2019 (decimal 8217)
   defining Unicode char U+201C (decimal 8220)
   defining Unicode char U+201D (decimal 8221)
)
Now handling font encoding OMS ...
... processing UTF-8 mapping file for font encoding OMS

(/usr/share/texlive/texmf-dist/tex/latex/base/omsenc.dfu
File: omsenc.dfu 2008/04/05 v1.1m UTF-8 support for inputenc
   defining Unicode char U+00A7 (decimal 167)
   defining Unicode char U+00B6 (decimal 182)
   defining Unicode char U+00B7 (decimal 183)
   defining Unicode char U+2020 (decimal 8224)
   defining Unicode char U+2021 (decimal 8225)
   defining Unicode char U+2022 (decimal 8226)
)
Now handling font encoding OMX ...
... no UTF-8 mapping file for font encoding OMX
Now handling font encoding U ...
... no UTF-8 mapping file for font encoding U
   defining Unicode char U+00A9 (decimal 169)
   defining Unicode char U+00AA (decimal 170)
   defining Unicode char U+00AE (decimal 174)
   defining Unicode char U+00BA (decimal 186)
   defining Unicode char U+02C6 (decimal 710)
   defining Unicode char U+02DC (decimal 732)
   defining Unicode char U+200C (decimal 8204)
   defining Unicode char U+2026 (decimal 8230)
   defining Unicode char U+2122 (decimal 8482)
   defining Unicode char U+2423 (decimal 9251)
))
(/usr/share/texlive/texmf-dist/tex/generic/babel/babel.sty
Package: babel 2013/12/03 3.9h The Babel package

(/usr/share/texlive/texmf-dist/tex/generic/babel-portuges/portuges.ldf
Language: portuges 2008/03/18 v1.2q Portuguese support from the babel system

(/usr/share/texlive/texmf-dist/tex/generic/babel/babel.def
File: babel.def 2013/12/03 3.9h Babel common definitions
\babel@savecnt=\count88
\U@D=\dimen103
)
\l@brazil = a dialect from \language\l@portuges 
Package babel Info: Making " an active character on input line 145.
)
(/usr/share/texlive/texmf-dist/tex/generic/babel-portuges/portuges.ldf
Language: portuges 2008/03/18 v1.2q Portuguese support from the babel system
)

Package babel Warning: Last declared language option is `brazil,
(babel)                but the last processed one was `portuguese'.
(babel)                The main language cannot be set as both a global
(babel)                and a package option. Use `main=brazil' as
(babel)                option. Reported on input line 311.

) (/usr/share/texlive/texmf-dist/tex/latex/amsmath/amsmath.sty
Package: amsmath 2013/01/14 v2.14 AMS math features
\@mathmargin=\skip43

For additional information on amsmath, use the `?' option.
(/usr/share/texlive/texmf-dist/tex/latex/amsmath/amstext.sty
Package: amstext 2000/06/29 v2.01

(/usr/share/texlive/texmf-dist/tex/latex/amsmath/amsgen.sty
File: amsgen.sty 1999/11/30 v2.0
\@emptytoks=\toks16
\ex@=\dimen104
))
(/usr/share/texlive/texmf-dist/tex/latex/amsmath/amsbsy.sty
Package: amsbsy 1999/11/29 v1.2d
\pmbraise@=\dimen105
)
(/usr/share/texlive/texmf-dist/tex/latex/amsmath/amsopn.sty
Package: amsopn 1999/12/14 v2.01 operator names
)
\inf@bad=\count89
LaTeX Info: Redefining \frac on input line 210.
\uproot@=\count90
\leftroot@=\count91
LaTeX Info: Redefining \overline on input line 306.
\classnum@=\count92
\DOTSCASE@=\count93
LaTeX Info: Redefining \ldots on input line 378.
LaTeX Info: Redefining \dots on input line 381.
LaTeX Info: Redefining \cdots on input line 466.
\Mathstrutbox@=\box26
\strutbox@=\box27
\big@size=\dimen106
LaTeX Font Info:    Redeclaring font encoding OML on input line 566.
LaTeX Font Info:    Redeclaring font encoding OMS on input line 567.
\macc@depth=\count94
\c@MaxMatrixCols=\count95
\dotsspace@=\muskip10
\c@parentequation=\count96
\dspbrk@lvl=\count97
\tag@help=\toks17
\row@=\count98
\column@=\count99
\maxfields@=\count100
\andhelp@=\toks18
\eqnshift@=\dimen107
\alignsep@=\dimen108
\tagshift@=\dimen109
\tagwidth@=\dimen110
\totwidth@=\dimen111
\lineht@=\dimen112
\@envbody=\toks19
\multlinegap=\skip44
\multlinetaggap=\skip45
\mathdisplay@stack=\toks20
LaTeX Info: Redefining \[ on input line 2665.
LaTeX Info: Redefining \] on input line 2666.
)
(/usr/share/texlive/texmf-dist/tex/latex/amsfonts/amssymb.sty
Package: amssymb 2013/01/14 v3.01 AMS font symbols

(/usr/share/texlive/texmf-dist/tex/latex/amsfonts/amsfonts.sty
Package: amsfonts 2013/01/14 v3.01 Basic AMSFonts support
\symAMSa=\mathgroup4
\symAMSb=\mathgroup5
LaTeX Font Info:    Overwriting math alphabet `\mathfrak' in version `bold'
(Font)                  U/euf/m/n --> U/euf/b/n on input line 106.
))
(/usr/share/texlive/texmf-dist/tex/latex/float/float.sty
Package: float 2001/11/08 v1.3d Float enhancements (AL)
\c@float@type=\count101
\float@exts=\toks21
\float@box=\box28
\@float@everytoks=\toks22
\@floatcapt=\box29
)
(/usr/share/texlive/texmf-dist/tex/latex/fancyhdr/fancyhdr.sty
\fancy@headwidth=\skip46
\f@ncyO@elh=\skip47
\f@ncyO@erh=\skip48
\f@ncyO@olh=\skip49
\f@ncyO@orh=\skip50
\f@ncyO@elf=\skip51
\f@ncyO@erf=\skip52
\f@ncyO@olf=\skip53
\f@ncyO@orf=\skip54
)
(/usr/share/texlive/texmf-dist/tex/latex/graphics/graphicx.sty
Package: graphicx 1999/02/16 v1.0f Enhanced LaTeX Graphics (DPC,SPQR)

(/usr/share/texlive/texmf-dist/tex/latex/graphics/keyval.sty
Package: keyval 1999/03/16 v1.13 key=value parser (DPC)
\KV@toks@=\toks23
)
(/usr/share/texlive/texmf-dist/tex/latex/graphics/graphics.sty
Package: graphics 2009/02/05 v1.0o Standard LaTeX Graphics (DPC,SPQR)

(/usr/share/texlive/texmf-dist/tex/latex/graphics/trig.sty
Package: trig 1999/03/16 v1.09 sin cos tan (DPC)
)
(/usr/share/texlive/texmf-dist/tex/latex/latexconfig/graphics.cfg
File: graphics.cfg 2010/04/23 v1.9 graphics configuration of TeX Live
)
Package graphics Info: Driver file: pdftex.def on input line 91.

(/usr/share/texlive/texmf-dist/tex/latex/pdftex-def/pdftex.def
File: pdftex.def 2011/05/27 v0.06d Graphics/color for pdfTeX

(/usr/share/texlive/texmf-dist/tex/generic/oberdiek/infwarerr.sty
Package: infwarerr 2010/04/08 v1.3 Providing info/warning/error messages (HO)
)
(/usr/share/texlive/texmf-dist/tex/generic/oberdiek/ltxcmds.sty
Package: ltxcmds 2011/11/09 v1.22 LaTeX kernel commands for general use (HO)
)
\Gread@gobject=\count102
))
\Gin@req@height=\dimen113
\Gin@req@width=\dimen114
)
(/usr/share/texlive/texmf-dist/tex/latex/hyperref/hyperref.sty
Package: hyperref 2012/11/06 v6.83m Hypertext links for LaTeX

(/usr/share/texlive/texmf-dist/tex/generic/oberdiek/hobsub-hyperref.sty
Package: hobsub-hyperref 2012/05/28 v1.13 Bundle oberdiek, subset hyperref (HO)


(/usr/share/texlive/texmf-dist/tex/generic/oberdiek/hobsub-generic.sty
Package: hobsub-generic 2012/05/28 v1.13 Bundle oberdiek, subset generic (HO)
Package: hobsub 2012/05/28 v1.13 Construct package bundles (HO)
Package hobsub Info: Skipping package `infwarerr' (already loaded).
Package hobsub Info: Skipping package `ltxcmds' (already loaded).
Package: ifluatex 2010/03/01 v1.3 Provides the ifluatex switch (HO)
Package ifluatex Info: LuaTeX not detected.
Package: ifvtex 2010/03/01 v1.5 Detect VTeX and its facilities (HO)
Package ifvtex Info: VTeX not detected.
Package: intcalc 2007/09/27 v1.1 Expandable calculations with integers (HO)
Package: ifpdf 2011/01/30 v2.3 Provides the ifpdf switch (HO)
Package ifpdf Info: pdfTeX in PDF mode is detected.
Package: etexcmds 2011/02/16 v1.5 Avoid name clashes with e-TeX commands (HO)
Package etexcmds Info: Could not find \expanded.
(etexcmds)             That can mean that you are not using pdfTeX 1.50 or
(etexcmds)             that some package has redefined \expanded.
(etexcmds)             In the latter case, load this package earlier.
Package: kvsetkeys 2012/04/25 v1.16 Key value parser (HO)
Package: kvdefinekeys 2011/04/07 v1.3 Define keys (HO)
Package: pdftexcmds 2011/11/29 v0.20 Utility functions of pdfTeX for LuaTeX (HO
)
Package pdftexcmds Info: LuaTeX not detected.
Package pdftexcmds Info: \pdf@primitive is available.
Package pdftexcmds Info: \pdf@ifprimitive is available.
Package pdftexcmds Info: \pdfdraftmode found.
Package: pdfescape 2011/11/25 v1.13 Implements pdfTeX's escape features (HO)
Package: bigintcalc 2012/04/08 v1.3 Expandable calculations on big integers (HO
)
Package: bitset 2011/01/30 v1.1 Handle bit-vector datatype (HO)
Package: uniquecounter 2011/01/30 v1.2 Provide unlimited unique counter (HO)
)
Package hobsub Info: Skipping package `hobsub' (already loaded).
Package: letltxmacro 2010/09/02 v1.4 Let assignment for LaTeX macros (HO)
Package: hopatch 2012/05/28 v1.2 Wrapper for package hooks (HO)
Package: xcolor-patch 2011/01/30 xcolor patch
Package: atveryend 2011/06/30 v1.8 Hooks at the very end of document (HO)
Package atveryend Info: \enddocument detected (standard20110627).
Package: atbegshi 2011/10/05 v1.16 At begin shipout hook (HO)
Package: refcount 2011/10/16 v3.4 Data extraction from label references (HO)
Package: hycolor 2011/01/30 v1.7 Color options for hyperref/bookmark (HO)
)
(/usr/share/texlive/texmf-dist/tex/generic/ifxetex/ifxetex.sty
Package: ifxetex 2010/09/12 v0.6 Provides ifxetex conditional
)
(/usr/share/texlive/texmf-dist/tex/latex/oberdiek/auxhook.sty
Package: auxhook 2011/03/04 v1.3 Hooks for auxiliary files (HO)
)
(/usr/share/texlive/texmf-dist/tex/latex/oberdiek/kvoptions.sty
Package: kvoptions 2011/06/30 v3.11 Key value format for package options (HO)
)
\@linkdim=\dimen115
\Hy@linkcounter=\count103
\Hy@pagecounter=\count104

(/usr/share/texlive/texmf-dist/tex/latex/hyperref/pd1enc.def
File: pd1enc.def 2012/11/06 v6.83m Hyperref: PDFDocEncoding definition (HO)
Now handling font encoding PD1 ...
... no UTF-8 mapping file for font encoding PD1
)
\Hy@SavedSpaceFactor=\count105

(/usr/share/texlive/texmf-dist/tex/latex/latexconfig/hyperref.cfg
File: hyperref.cfg 2002/06/06 v1.2 hyperref configuration of TeXLive
)
Package hyperref Info: Option `plainpages' set `true' on input line 4319.
Package hyperref Info: Hyper figures OFF on input line 4443.
Package hyperref Info: Link nesting OFF on input line 4448.
Package hyperref Info: Hyper index ON on input line 4451.
Package hyperref Info: Plain pages ON on input line 4456.
Package hyperref Info: Backreferencing OFF on input line 4463.
Package hyperref Info: Implicit mode ON; LaTeX internals redefined.
Package hyperref Info: Bookmarks ON on input line 4688.
\c@Hy@tempcnt=\count106

(/usr/share/texlive/texmf-dist/tex/latex/url/url.sty
\Urlmuskip=\muskip11
Package: url 2013/09/16  ver 3.4  Verb mode for urls, etc.
)
LaTeX Info: Redefining \url on input line 5041.
\XeTeXLinkMargin=\dimen116
\Fld@menulength=\count107
\Field@Width=\dimen117
\Fld@charsize=\dimen118
Package hyperref Info: Hyper figures OFF on input line 6295.
Package hyperref Info: Link nesting OFF on input line 6300.
Package hyperref Info: Hyper index ON on input line 6303.
Package hyperref Info: backreferencing OFF on input line 6310.
Package hyperref Info: Link coloring OFF on input line 6315.
Package hyperref Info: Link coloring with OCG OFF on input line 6320.
Package hyperref Info: PDF/A mode OFF on input line 6325.
LaTeX Info: Redefining \ref on input line 6365.
LaTeX Info: Redefining \pageref on input line 6369.
\Hy@abspage=\count108
\c@Item=\count109
\c@Hfootnote=\count110
)

Package hyperref Message: Driver: hpdftex.

(/usr/share/texlive/texmf-dist/tex/latex/hyperref/hpdftex.def
File: hpdftex.def 2012/11/06 v6.83m Hyperref driver for pdfTeX
\Fld@listcount=\count111
\c@bookmark@seq@number=\count112

(/usr/share/texlive/texmf-dist/tex/latex/oberdiek/rerunfilecheck.sty
Package: rerunfilecheck 2011/04/15 v1.7 Rerun checks for auxiliary files (HO)
Package uniquecounter Info: New unique counter `rerunfilecheck' on input line 2
82.
)
\Hy@SectionHShift=\skip55
)
Package hyperref Info: Option `colorlinks' set `true' on input line 27.
\c@theorem=\count113
\c@definition=\count114

(/usr/share/texlive/texmf-dist/tex/latex/listings/listings.sty
\lst@mode=\count115
\lst@gtempboxa=\box30
\lst@token=\toks24
\lst@length=\count116
\lst@currlwidth=\dimen119
\lst@column=\count117
\lst@pos=\count118
\lst@lostspace=\dimen120
\lst@width=\dimen121
\lst@newlines=\count119
\lst@lineno=\count120
\lst@maxwidth=\dimen122

(/usr/share/texlive/texmf-dist/tex/latex/listings/lstmisc.sty
File: lstmisc.sty 2013/08/26 1.5b (Carsten Heinz)
\c@lstnumber=\count121
\lst@skipnumbers=\count122
\lst@framebox=\box31
)
(/usr/share/texlive/texmf-dist/tex/latex/listings/listings.cfg
File: listings.cfg 2013/08/26 1.5b listings configuration
))
Package: listings 2013/08/26 1.5b (Carsten Heinz)

(/usr/share/texlive/texmf-dist/tex/latex/graphics/color.sty
Package: color 2005/11/14 v1.0j Standard LaTeX Color (DPC)

(/usr/share/texlive/texmf-dist/tex/latex/latexconfig/color.cfg
File: color.cfg 2007/01/18 v1.5 color configuration of teTeX/TeXLive
)
Package color Info: Driver file: pdftex.def on input line 130.
)
(/usr/share/texlive/texmf-dist/tex/latex/listings/lstlang1.sty
File: lstlang1.sty 2013/08/26 1.5b listings language file
)
(/usr/share/texlive/texmf-dist/tex/latex/listings/lstlang1.sty
File: lstlang1.sty 2013/08/26 1.5b listings language file
)
(/usr/share/texlive/texmf-dist/tex/latex/listings/lstmisc.sty
File: lstmisc.sty 2013/08/26 1.5b (Carsten Heinz)
))
(/usr/share/texlive/texmf-dist/tex/latex/algorithms/algorithm.sty
Package: algorithm 2009/08/24 v0.1 Document Style `algorithm' - floating enviro
nment

(/usr/share/texlive/texmf-dist/tex/latex/base/ifthen.sty
Package: ifthen 2001/05/26 v1.1c Standard LaTeX ifthen package (DPC)
)
\@float@every@algorithm=\toks25
\c@algorithm=\count123
)
(/usr/share/texlive/texmf-dist/tex/latex/algorithmicx/algpseudocode.sty
Package: algpseudocode 

(/usr/share/texlive/texmf-dist/tex/latex/algorithmicx/algorithmicx.sty
Package: algorithmicx 2005/04/27 v1.2 Algorithmicx

Document Style algorithmicx 1.2 - a greatly improved `algorithmic' style
\c@ALG@line=\count124
\c@ALG@rem=\count125
\c@ALG@nested=\count126
\ALG@tlm=\skip56
\ALG@thistlm=\skip57
\c@ALG@Lnr=\count127
\c@ALG@blocknr=\count128
\c@ALG@storecount=\count129
\c@ALG@tmpcounter=\count130
\ALG@tmplength=\skip58
)
Document Style - pseudocode environments for use with the `algorithmicx' style
) (/usr/share/texlive/texmf-dist/tex/latex/geometry/geometry.sty
Package: geometry 2010/09/12 v5.6 Page Geometry
\Gm@cnth=\count131
\Gm@cntv=\count132
\c@Gm@tempcnt=\count133
\Gm@bindingoffset=\dimen123
\Gm@wd@mp=\dimen124
\Gm@odd@mp=\dimen125
\Gm@even@mp=\dimen126
\Gm@layoutwidth=\dimen127
\Gm@layoutheight=\dimen128
\Gm@layouthoffset=\dimen129
\Gm@layoutvoffset=\dimen130
\Gm@dimlist=\toks26
)
(/usr/share/texlive/texmf-dist/tex/latex/caption/caption.sty
Package: caption 2013/05/02 v3.3-89 Customizing captions (AR)

(/usr/share/texlive/texmf-dist/tex/latex/caption/caption3.sty
Package: caption3 2013/05/02 v1.6-88 caption3 kernel (AR)
Package caption3 Info: TeX engine: e-TeX on input line 57.
\captionmargin=\dimen131
\captionmargin@=\dimen132
\captionwidth=\dimen133
\caption@tempdima=\dimen134
\caption@indent=\dimen135
\caption@parindent=\dimen136
\caption@hangindent=\dimen137
)
\c@ContinuedFloat=\count134
Package caption Info: float package is loaded.
Package caption Info: hyperref package is loaded.
Package caption Info: listings package is loaded.
)
(/usr/share/texlive/texmf-dist/tex/latex/caption/subcaption.sty
Package: subcaption 2013/02/03 v1.1-62 Sub-captions (AR)
\c@subfigure=\count135
\c@subtable=\count136
)
(/usr/share/texlive/texmf-dist/tex/latex/pdfpages/pdfpages.sty
Package: pdfpages 2013/08/25 v0.4v Insert pages of external PDF documents (AM)

(/usr/share/texlive/texmf-dist/tex/latex/tools/calc.sty
Package: calc 2007/08/22 v4.3 Infix arithmetic (KKT,FJ)
\calc@Acount=\count137
\calc@Bcount=\count138
\calc@Adimen=\dimen138
\calc@Bdimen=\dimen139
\calc@Askip=\skip59
\calc@Bskip=\skip60
LaTeX Info: Redefining \setlength on input line 76.
LaTeX Info: Redefining \addtolength on input line 77.
\calc@Ccount=\count139
\calc@Cskip=\skip61
)
(/usr/share/texlive/texmf-dist/tex/latex/eso-pic/eso-pic.sty
Package: eso-pic 2013/10/06 v2.0d eso-pic (RN)
)
(/usr/share/texlive/texmf-dist/tex/latex/pdfpages/pppdftex.def
File: pppdftex.def 2013/08/25 v0.4v Pdfpages driver for pdfTeX (AM)
)
\AM@pagebox=\box32
\AM@toc@title=\toks27
\c@AM@survey=\count140
\AM@templatesizebox=\box33
)
(/usr/share/texlive/texmf-dist/tex/latex/abntex2/abntex2cite.sty
Package: abntex2cite 2014/01/26 v1.9.2 abnTeX2

(/usr/share/texlive/texmf-dist/tex/latex/abntex2/abntex2abrev.sty)
(/usr/share/texlive/texmf-dist/tex/latex/setspace/setspace.sty
Package: setspace 2011/12/19 v6.7a set line spacing
)
\minimumbiblabelwidth=\skip62
\ABCIauxlen=\skip63
\c@ABCIaux=\count141
\c@ABCImax=\count142

(/usr/share/texlive/texmf-dist/tex/latex/relsize/relsize.sty
Package: relsize 2013/03/29 ver 4.1
)
\biblabelsep=\skip64
LaTeX Info: Redefining \newblock on input line 675.
LaTeX Info: Redefining \cite on input line 946.
\ABCItoken=\toks28
)
(/usr/share/texlive/texmf-dist/tex/latex/tools/multicol.sty
Package: multicol 2011/06/27 v1.7a multicolumn formatting (FMi)
\c@tracingmulticols=\count143
\mult@box=\box34
\multicol@leftmargin=\dimen140
\c@unbalance=\count144
\c@collectmore=\count145
\doublecol@number=\count146
\multicoltolerance=\count147
\multicolpretolerance=\count148
\full@width=\dimen141
\page@free=\dimen142
\premulticols=\dimen143
\postmulticols=\dimen144
\multicolsep=\skip65
\multicolbaselineskip=\skip66
\partial@page=\box35
\last@line=\box36
\mult@rightbox=\box37
\mult@grightbox=\box38
\mult@gfirstbox=\box39
\mult@firstbox=\box40
\@tempa=\box41
\@tempa=\box42
\@tempa=\box43
\@tempa=\box44
\@tempa=\box45
\@tempa=\box46
\@tempa=\box47
\@tempa=\box48
\@tempa=\box49
\@tempa=\box50
\@tempa=\box51
\@tempa=\box52
\@tempa=\box53
\@tempa=\box54
\@tempa=\box55
\@tempa=\box56
\@tempa=\box57
\c@columnbadness=\count149
\c@finalcolumnbadness=\count150
\last@try=\dimen145
\multicolovershoot=\dimen146
\multicolundershoot=\dimen147
\mult@nat@firstbox=\box58
\colbreak@box=\box59
\multicol@sort@counter=\count151
)
(/usr/share/texlive/texmf-dist/tex/latex/tools/indentfirst.sty
Package: indentfirst 1995/11/23 v1.03 Indent first paragraph (DPC)
)
(/usr/share/texlive/texmf-dist/tex/latex/booktabs/booktabs.sty
Package: booktabs 2005/04/14 v1.61803 publication quality tables
\heavyrulewidth=\dimen148
\lightrulewidth=\dimen149
\cmidrulewidth=\dimen150
\belowrulesep=\dimen151
\belowbottomsep=\dimen152
\aboverulesep=\dimen153
\abovetopsep=\dimen154
\cmidrulesep=\dimen155
\cmidrulekern=\dimen156
\defaultaddspace=\dimen157
\@cmidla=\count152
\@cmidlb=\count153
\@aboverulesep=\dimen158
\@belowrulesep=\dimen159
\@thisruleclass=\count154
\@lastruleclass=\count155
\@thisrulewidth=\dimen160
)
(/usr/share/texlive/texmf-dist/tex/latex/tools/array.sty
Package: array 2008/09/09 v2.4c Tabular extension package (FMi)
\col@sep=\dimen161
\extrarowheight=\dimen162
\NC@list=\toks29
\extratabsurround=\skip67
\backup@length=\skip68
) (./tcc.aux
(./cabecalho.aux) (./resumo.aux) (./abstract.aux) (./introducao.aux)
(./fundamentacao.aux

LaTeX Warning: Label `EspacodeCores' multiply defined.

) (./dev.aux

LaTeX Warning: Label `Configuracao' multiply defined.


LaTeX Warning: Label `Configuracao' multiply defined.

) (./resultados.aux

LaTeX Warning: Label `disposicaoparte' multiply defined.


LaTeX Warning: Label `disposicaoparte' multiply defined.


LaTeX Warning: Label `disposicaoparte' multiply defined.


LaTeX Warning: Label `disposicaoparte' multiply defined.


LaTeX Warning: Label `disposicaoparte' multiply defined.


LaTeX Warning: Label `disposicaoparte' multiply defined.


LaTeX Warning: Label `disposicaoparte' multiply defined.

) (./conclusao.aux))
\openout1 = `tcc.aux'.

LaTeX Font Info:    Checking defaults for OML/cmm/m/it on input line 53.
LaTeX Font Info:    ... okay on input line 53.
LaTeX Font Info:    Checking defaults for T1/cmr/m/n on input line 53.
LaTeX Font Info:    ... okay on input line 53.
LaTeX Font Info:    Checking defaults for OT1/cmr/m/n on input line 53.
LaTeX Font Info:    ... okay on input line 53.
LaTeX Font Info:    Checking defaults for OMS/cmsy/m/n on input line 53.
LaTeX Font Info:    ... okay on input line 53.
LaTeX Font Info:    Checking defaults for OMX/cmex/m/n on input line 53.
LaTeX Font Info:    ... okay on input line 53.
LaTeX Font Info:    Checking defaults for U/cmr/m/n on input line 53.
LaTeX Font Info:    ... okay on input line 53.
LaTeX Font Info:    Checking defaults for PD1/pdf/m/n on input line 53.
LaTeX Font Info:    ... okay on input line 53.

(/usr/share/texlive/texmf-dist/tex/context/base/supp-pdf.mkii
[Loading MPS to PDF converter (version 2006.09.02).]
\scratchcounter=\count156
\scratchdimen=\dimen163
\scratchbox=\box60
\nofMPsegments=\count157
\nofMParguments=\count158
\everyMPshowfont=\toks30
\MPscratchCnt=\count159
\MPscratchDim=\dimen164
\MPnumerator=\count160
\makeMPintoPDFobject=\count161
\everyMPtoPDFconversion=\toks31
) (/usr/share/texlive/texmf-dist/tex/latex/oberdiek/epstopdf-base.sty
Package: epstopdf-base 2010/02/09 v2.5 Base part for package epstopdf

(/usr/share/texlive/texmf-dist/tex/latex/oberdiek/grfext.sty
Package: grfext 2010/08/19 v1.1 Manage graphics extensions (HO)
)
Package grfext Info: Graphics extension search list:
(grfext)             [.pdf,.jpeg,.png,.eps]
(grfext)             \AppendGraphicsExtensions on input line 452.

(/usr/share/texlive/texmf-dist/tex/latex/latexconfig/epstopdf-sys.cfg
File: epstopdf-sys.cfg 2010/07/13 v1.3 Configuration of (r)epstopdf for TeX Liv
e
))
\AtBeginShipoutBox=\box61
Package hyperref Info: Link coloring ON on input line 53.

(/usr/share/texlive/texmf-dist/tex/latex/hyperref/nameref.sty
Package: nameref 2012/10/27 v2.43 Cross-referencing by name of section

(/usr/share/texlive/texmf-dist/tex/generic/oberdiek/gettitlestring.sty
Package: gettitlestring 2010/12/03 v1.4 Cleanup title references (HO)
)
\c@section@level=\count162
)
LaTeX Info: Redefining \ref on input line 53.
LaTeX Info: Redefining \pageref on input line 53.
LaTeX Info: Redefining \nameref on input line 53.

(./tcc.out) (./tcc.out)
\@outlinefile=\write3
\openout3 = `tcc.out'.

\c@lstlisting=\count163

*geometry* driver: auto-detecting
*geometry* detected driver: pdftex
*geometry* verbose mode - [ preamble ] result:
* driver: pdftex
* paper: a4paper
* layout: <same size as paper>
* layoutoffset:(h,v)=(0.0pt,0.0pt)
* modes: 
* h-part:(L,W,R)=(71.13188pt, 469.47049pt, 56.9055pt)
* v-part:(T,H,B)=(71.13188pt, 702.78308pt, 71.13188pt)
* \paperwidth=597.50787pt
* \paperheight=845.04684pt
* \textwidth=469.47049pt
* \textheight=702.78308pt
* \oddsidemargin=-1.1381pt
* \evensidemargin=-1.1381pt
* \topmargin=-43.20975pt
* \headheight=17.07164pt
* \headsep=25.0pt
* \topskip=12.0pt
* \footskip=30.0pt
* \marginparwidth=35.0pt
* \marginparsep=10.0pt
* \columnsep=10.0pt
* \skip\footins=10.8pt plus 4.0pt minus 2.0pt
* \hoffset=0.0pt
* \voffset=0.0pt
* \mag=1000
* \@twocolumnfalse
* \@twosidefalse
* \@mparswitchfalse
* \@reversemarginfalse
* (1in=72.27pt=25.4mm, 1cm=28.453pt)

Package caption Info: Begin \AtBeginDocument code.
Package caption Info: End \AtBeginDocument code.
\openout2 = `cabecalho.aux'.

(./cabecalho.tex <figuras/logo.png, id=148, 373.395pt x 488.0634pt>
File: figuras/logo.png Graphic file (type png)

<use figuras/logo.png>
Package pdftex.def Info: figuras/logo.png used on input line 27.
(pdftex.def)             Requested size: 74.67767pt x 97.61095pt.
Package babel Info: Redefining portuges shorthand "|
(babel)             in language  on input line 37.
 [1


{/var/lib/texmf/fonts/map/pdftex/updmap/pdftex.map} <./figuras/logo.png>]
LaTeX Font Info:    Try loading font information for OMS+cmr on input line 60.
 (/usr/share/texlive/texmf-dist/tex/latex/base/omscmr.fd
File: omscmr.fd 1999/05/25 v2.5h Standard LaTeX font definitions
)
LaTeX Font Info:    Font shape `OMS/cmr/m/n' in size <12> not available
(Font)              Font shape `OMS/cmsy/m/n' tried instead on input line 60.
)
Package babel Info: Redefining portuges shorthand "|
(babel)             in language  on input line 56.

[2

]
\openout2 = `resumo.aux'.

 (./resumo.tex)
Package babel Info: Redefining portuges shorthand "|
(babel)             in language  on input line 57.
 [3



]
\openout2 = `abstract.aux'.

 (./abstract.tex)
Package babel Info: Redefining portuges shorthand "|
(babel)             in language  on input line 58.
 [4



] (./tcc.toc
LaTeX Font Info:    Try loading font information for U+msa on input line 4.

(/usr/share/texlive/texmf-dist/tex/latex/amsfonts/umsa.fd
File: umsa.fd 2013/01/14 v3.01 AMS symbols A
)
LaTeX Font Info:    Try loading font information for U+msb on input line 4.

(/usr/share/texlive/texmf-dist/tex/latex/amsfonts/umsb.fd
File: umsb.fd 2013/01/14 v3.01 AMS symbols B
)
Package babel Info: Redefining portuges shorthand "|
(babel)             in language  on input line 30.
 [5


])
\tf@toc=\write4
\openout4 = `tcc.toc'.

Package babel Info: Redefining portuges shorthand "|
(babel)             in language  on input line 65.
 [6]
Package babel Info: Redefining portuges shorthand "|
(babel)             in language  on input line 67.
 (./tcc.lof
Package babel Info: Redefining portuges shorthand "|
(babel)             in language  on input line 30.

[7


])
\tf@lof=\write5
\openout5 = `tcc.lof'.

Package babel Info: Redefining portuges shorthand "|
(babel)             in language  on input line 102.
 [8]
\openout2 = `introducao.aux'.

 (./introducao.tex
Cap\'{\i }tulo 1.
Package babel Info: Redefining portuges shorthand "|
(babel)             in language  on input line 15.
Package babel Info: Redefining portuges shorthand "|
(babel)             in language  on input line 16.
Package babel Info: Redefining portuges shorthand "|
(babel)             in language  on input line 22.
Package babel Info: Redefining portuges shorthand "|
(babel)             in language  on input line 25.
<figuras/calibra.pdf, id=309, 792.9625pt x 489.83pt>
File: figuras/calibra.pdf Graphic file (type pdf)
 <use figuras/calibra.pdf>
Package pdftex.def Info: figuras/calibra.pdf used on input line 29.
(pdftex.def)             Requested size: 281.68515pt x 174.00671pt.
Package babel Info: Redefining portuges shorthand "|
(babel)             in language  on input line 32.

[9


]
Package babel Info: Redefining portuges shorthand "|
(babel)             in language  on input line 34.
 <figuras/vssvision.pdf, id=321, 457.71pt x 363.3575pt>
File: figuras/vssvision.pdf Graphic file (type pdf)

<use figuras/vssvision.pdf>
Package pdftex.def Info: figuras/vssvision.pdf used on input line 40.
(pdftex.def)             Requested size: 187.78532pt x 149.07178pt.
Package babel Info: Redefining portuges shorthand "|
(babel)             in language  on input line 50.
 [10 <./figuras/calibra.pdf> <./figuras/vssvision.pdf

pdfTeX warning: pdflatex (file ./figuras/vssvision.pdf): PDF inclusion: multipl
e pdfs with page group included in a single page
>] <figuras/vsssnovonormal.png, id=350, 1123.19624pt x 758.835pt>
File: figuras/vsssnovonormal.png Graphic file (type png)

<use figuras/vsssnovonormal.png>
Package pdftex.def Info: figuras/vsssnovonormal.png used on input line 65.
(pdftex.def)             Requested size: 211.26028pt x 142.7212pt.

<figuras/vsssnovo.png, id=353, 1122.1925pt x 756.8275pt>
File: figuras/vsssnovo.png Graphic file (type png)

<use figuras/vsssnovo.png>
Package pdftex.def Info: figuras/vsssnovo.png used on input line 72.
(pdftex.def)             Requested size: 187.78532pt x 126.63803pt.
Package babel Info: Redefining portuges shorthand "|
(babel)             in language  on input line 78.
Package babel Info: Redefining portuges shorthand "|
(babel)             in language  on input line 82.
 [11 <./figuras/vsssnovonormal.png> <./figuras/vsssnovo.png>]
Package babel Info: Redefining portuges shorthand "|
(babel)             in language  on input line 82.
Package babel Info: Redefining portuges shorthand "|
(babel)             in language  on input line 97.
 [12]
Package babel Info: Redefining portuges shorthand "|
(babel)             in language  on input line 99.
)
Package babel Info: Redefining portuges shorthand "|
(babel)             in language  on input line 102.
 [13]
\openout2 = `fundamentacao.aux'.

 (./fundamentacao.tex
Cap\'{\i }tulo 2.
Package babel Info: Redefining portuges shorthand "|
(babel)             in language  on input line 16.
Package babel Info: Redefining portuges shorthand "|
(babel)             in language  on input line 21.

Overfull \hbox (33.11136pt too wide) in paragraph at lines 23--25
\OT1/cmr/m/n/12 t^^Secnicas. Den-tre ti-pos de pro-ces-sa-mento de ima-gens exi
s-tem, Gonzalez([])
 []

Package babel Info: Redefining portuges shorthand "|
(babel)             in language  on input line 26.

Overfull \hbox (23.39801pt too wide) in paragraph at lines 35--37
\OT1/cmr/m/n/12 do ob-jeto em ta-ma-nho fixo ape-nas va-ri-ando na posi^^Xc~ao 
na imagem([]). 
 []

Package babel Info: Redefining portuges shorthand "|
(babel)             in language  on input line 37.
[14



]
Package babel Info: Redefining portuges shorthand "|
(babel)             in language  on input line 48.

Overfull \hbox (52.06952pt too wide) in paragraph at lines 49--51
\OT1/cmr/m/n/12 ima-gem em objetos([]). De acordo com Wangenheim([])
 []


Overfull \hbox (50.24776pt too wide) in paragraph at lines 52--53
\OT1/cmr/m/n/12 de de-tec^^Xc~ao de borda te-nha uma baixa taxa de erro para qu
e seja eficiente([],
 []

<figuras/canny.pdf, id=402, 569.12625pt x 262.9825pt>
File: figuras/canny.pdf Graphic file (type pdf)
 <use figuras/canny.pdf>
Package pdftex.def Info: figuras/canny.pdf used on input line 66.
(pdftex.def)             Requested size: 375.57782pt x 173.55292pt.

Overfull \hbox (64.13092pt too wide) in paragraph at lines 62--70
\OT1/cmr/m/n/12 Canny mostrou-se bas-tante flex^^S^^Pvel, in-de-pen-dente da or
i-gem da ima-gem utilizada([]).
 []

Package babel Info: Redefining portuges shorthand "|
(babel)             in language  on input line 70.
[15]
Package babel Info: Redefining portuges shorthand "|
(babel)             in language  on input line 77.

Overfull \hbox (89.09732pt too wide) in paragraph at lines 80--81
\OT1/cmr/m/n/12 vis~ao pe-ri-fe-rica e tem como ca-rac-te-ris-tica se-rem sen-s
i-veis a baixo ni-vel de luminosidade([]),
 []

Package babel Info: Redefining portuges shorthand "|
(babel)             in language  on input line 90.
[16 <./figuras/canny.pdf>]
<figuras/graficocie.pdf, id=438, 477.785pt x 542.025pt>
File: figuras/graficocie.pdf Graphic file (type pdf)

<use figuras/graficocie.pdf>
Package pdftex.def Info: figuras/graficocie.pdf used on input line 93.
(pdftex.def)             Requested size: 117.36761pt x 133.14879pt.

<figuras/espacos.pdf, id=440, 2131.24232pt x 1059.47823pt>
File: figuras/espacos.pdf Graphic file (type pdf)

<use figuras/espacos.pdf>
Package pdftex.def Info: figuras/espacos.pdf used on input line 103.
(pdftex.def)             Requested size: 234.73524pt x 116.68846pt.
Package babel Info: Redefining portuges shorthand "|
(babel)             in language  on input line 116.
 [17 <./figuras/graficocie.pdf> <./figuras/espacos.pdf

pdfTeX warning: pdflatex (file ./figuras/espacos.pdf): PDF inclusion: multiple 
pdfs with page group included in a single page
>] <figuras/rgb.pdf, id=470, 803.0pt x 602.25pt>
File: figuras/rgb.pdf Graphic file (type pdf)
 <use figuras/rgb.pdf>
Package pdftex.def Info: figuras/rgb.pdf used on input line 120.
(pdftex.def)             Requested size: 187.78532pt x 140.83954pt.

Overfull \hbox (38.66869pt too wide) in paragraph at lines 128--129
\OT1/cmr/m/n/12 humana([]) que ^^Se a in-ten-si-dade da cor, es-cala de tons de
 cinza([]),
 []

<figuras/hsv.pdf, id=475, 1606.0pt x 1204.5pt>
File: figuras/hsv.pdf Graphic file (type pdf)
 <use figuras/hsv.pdf>
Package pdftex.def Info: figuras/hsv.pdf used on input line 133.
(pdftex.def)             Requested size: 187.78532pt x 140.83955pt.
Package babel Info: Redefining portuges shorthand "|
(babel)             in language  on input line 142.

Overfull \hbox (32.21042pt too wide) in paragraph at lines 143--146
[]\OT1/cmr/m/n/12 Visto como um do-mi-nio bas-tente com-plexo, di-na-mico e imp
revisivel([]),
 []

Package babel Info: Redefining portuges shorthand "|
(babel)             in language  on input line 146.
[18 <./figuras/rgb.pdf> <./figuras/hsv.pdf

pdfTeX warning: pdflatex (file ./figuras/hsv.pdf): PDF inclusion: multiple pdfs
 with page group included in a single page
>])
Package babel Info: Redefining portuges shorthand "|
(babel)             in language  on input line 103.
 [19]
\openout2 = `dev.aux'.

 (./dev.tex
Cap\'{\i }tulo 3.
Package babel Info: Redefining portuges shorthand "|
(babel)             in language  on input line 35.
Package babel Info: Redefining portuges shorthand "|
(babel)             in language  on input line 39.
Package babel Info: Redefining portuges shorthand "|
(babel)             in language  on input line 50.
Package babel Info: Redefining portuges shorthand "|
(babel)             in language  on input line 51.
Package babel Info: Redefining portuges shorthand "|
(babel)             in language  on input line 53.
[20



] <figuras/organizacaoProjeto.pdf, id=514, 219.82124pt x 218.8175pt>
File: figuras/organizacaoProjeto.pdf Graphic file (type pdf)

<use figuras/organizacaoProjeto.pdf>
Package pdftex.def Info: figuras/organizacaoProjeto.pdf used on input line 56.
(pdftex.def)             Requested size: 93.89265pt x 93.46198pt.
Package babel Info: Redefining portuges shorthand "|
(babel)             in language  on input line 63.
Package babel Info: Redefining portuges shorthand "|
(babel)             in language  on input line 73.
 [21 <./figuras/organizacaoProjeto.pdf>]
Package babel Info: Redefining portuges shorthand "|
(babel)             in language  on input line 100.
Package babel Info: Redefining portuges shorthand "|
(babel)             in language  on input line 104.

[22] <figuras/FluxodoSistema.pdf, id=535, 307.86183pt x 531.41922pt>
File: figuras/FluxodoSistema.pdf Graphic file (type pdf)

<use figuras/FluxodoSistema.pdf>
Package pdftex.def Info: figuras/FluxodoSistema.pdf used on input line 107.
(pdftex.def)             Requested size: 211.26028pt x 364.66867pt.
Package babel Info: Redefining portuges shorthand "|
(babel)             in language  on input line 112.
Package babel Info: Redefining portuges shorthand "|
(babel)             in language  on input line 121.
 [23 <./figuras/FluxodoSistema.pdf>]
<figuras/passo1.pdf, id=548, 1309.89375pt x 602.25pt>
File: figuras/passo1.pdf Graphic file (type pdf)
 <use figuras/passo1.pdf>
Package pdftex.def Info: figuras/passo1.pdf used on input line 128.
(pdftex.def)             Requested size: 375.57782pt x 172.68144pt.

Underfull \hbox (badness 10000) in paragraph at lines 140--141

 []

Package babel Info: Redefining portuges shorthand "|
(babel)             in language  on input line 141.
[24 <./figuras/passo1.pdf>]
Package babel Info: Redefining portuges shorthand "|
(babel)             in language  on input line 142.

<figuras/passo2.pdf, id=568, 660.4675pt x 617.30624pt>
File: figuras/passo2.pdf Graphic file (type pdf)

<use figuras/passo2.pdf>
Package pdftex.def Info: figuras/passo2.pdf used on input line 153.
(pdftex.def)             Requested size: 211.26028pt x 197.45726pt.
Package babel Info: Redefining portuges shorthand "|
(babel)             in language  on input line 160.
Package babel Info: Redefining portuges shorthand "|
(babel)             in language  on input line 162.
 [25 <./figuras/passo2.pdf>]
<figuras/passo3.pdf, id=581, 1326.87724pt x 612.12692pt>
File: figuras/passo3.pdf Graphic file (type pdf)

<use figuras/passo3.pdf>
Package pdftex.def Info: figuras/passo3.pdf used on input line 165.
(pdftex.def)             Requested size: 375.57782pt x 173.26242pt.
Package babel Info: Redefining portuges shorthand "|
(babel)             in language  on input line 171.
Package babel Info: Redefining portuges shorthand "|
(babel)             in language  on input line 185.
 [26 <./figuras/passo3.pdf>]
Package babel Info: Redefining portuges shorthand "|
(babel)             in language  on input line 193.
Package babel Info: Redefining portuges shorthand "|
(babel)             in language  on input line 227.
 [27]
Package babel Info: Redefining portuges shorthand "|
(babel)             in language  on input line 232.
)
Package babel Info: Redefining portuges shorthand "|
(babel)             in language  on input line 105.
 [28]
\openout2 = `resultados.aux'.


(./resultados.tex
Cap\'{\i }tulo 4.
Package babel Info: Redefining portuges shorthand "|
(babel)             in language  on input line 15.
Package babel Info: Redefining portuges shorthand "|
(babel)             in language  on input line 17.
<figuras/fundoteste.pdf, id=616, 650.43pt x 606.265pt>
File: figuras/fundoteste.pdf Graphic file (type pdf)

<use figuras/fundoteste.pdf>
Package pdftex.def Info: figuras/fundoteste.pdf used on input line 22.
(pdftex.def)             Requested size: 211.26028pt x 196.91353pt.
Package babel Info: Redefining portuges shorthand "|
(babel)             in language  on input line 28.
 [29



 <./figuras/fundoteste.pdf>]
<figuras/objetosdispostos.pdf, id=629, 650.43pt x 604.2575pt>
File: figuras/objetosdispostos.pdf Graphic file (type pdf)

<use figuras/objetosdispostos.pdf>
Package pdftex.def Info: figuras/objetosdispostos.pdf used on input line 33.
(pdftex.def)             Requested size: 211.26028pt x 196.26149pt.
Package babel Info: Redefining portuges shorthand "|
(babel)             in language  on input line 75.
Package babel Info: Redefining portuges shorthand "|
(babel)             in language  on input line 78.
 [30 <./figuras/objetosdispostos.pdf>]
<figuras/campodivisao.pdf, id=643, 3507.80801pt x 4126.17168pt>
File: figuras/campodivisao.pdf Graphic file (type pdf)

<use figuras/campodivisao.pdf>
Package pdftex.def Info: figuras/campodivisao.pdf used on input line 81.
(pdftex.def)             Requested size: 140.84258pt x 165.64836pt.

<figuras/disposicaoparte.pdf, id=645, 1415.81168pt x 1048.0058pt>
File: figuras/disposicaoparte.pdf Graphic file (type pdf)

<use figuras/disposicaoparte.pdf>
Package pdftex.def Info: figuras/disposicaoparte.pdf used on input line 92.
(pdftex.def)             Requested size: 211.26028pt x 156.37852pt.

<figuras//testes/campofundo.pdf, id=646, 643.3233pt x 461.66728pt>
File: figuras//testes/campofundo.pdf Graphic file (type pdf)

<use figuras//testes/campofundo.pdf>
Package pdftex.def Info: figuras//testes/campofundo.pdf used on input line 99.
(pdftex.def)             Requested size: 211.26028pt x 151.60396pt.
Package babel Info: Redefining portuges shorthand "|
(babel)             in language  on input line 105.

<figuras//testes/amarelo.pdf, id=647, 656.4525pt x 607.26875pt>
File: figuras//testes/amarelo.pdf Graphic file (type pdf)

<use figuras//testes/amarelo.pdf>
Package pdftex.def Info: figuras//testes/amarelo.pdf used on input line 109.
(pdftex.def)             Requested size: 234.73524pt x 217.14326pt.
Package babel Info: Redefining portuges shorthand "|
(babel)             in language  on input line 113.
 [31 <./figuras/campodivisao.pdf> <./figuras/disposicaoparte.pdf

pdfTeX warning: pdflatex (file ./figuras/disposicaoparte.pdf): PDF inclusion: m
ultiple pdfs with page group included in a single page
> <./figuras//testes/campofundo.pdf

pdfTeX warning: pdflatex (file ./figuras//testes/campofundo.pdf): PDF inclusion
: multiple pdfs with page group included in a single page
>] <figuras//testes/azul.pdf, id=676, 659.46375pt x 598.235pt>
File: figuras//testes/azul.pdf Graphic file (type pdf)

<use figuras//testes/azul.pdf>
Package pdftex.def Info: figuras//testes/azul.pdf used on input line 142.
(pdftex.def)             Requested size: 234.73524pt x 212.9363pt.
Package babel Info: Redefining portuges shorthand "|
(babel)             in language  on input line 146.
 [32 <./figuras//testes/amarelo.pdf>]
<figuras//testes/verde.pdf, id=690, 663.47874pt x 611.28375pt>
File: figuras//testes/verde.pdf Graphic file (type pdf)

<use figuras//testes/verde.pdf>
Package pdftex.def Info: figuras//testes/verde.pdf used on input line 174.
(pdftex.def)             Requested size: 234.73524pt x 216.26572pt.
Package babel Info: Redefining portuges shorthand "|
(babel)             in language  on input line 178.
 [33 <./figuras//testes/azul.pdf>]
<figuras//testes/rosa.pdf, id=704, 657.45625pt x 607.26875pt>
File: figuras//testes/rosa.pdf Graphic file (type pdf)

<use figuras//testes/rosa.pdf>
Package pdftex.def Info: figuras//testes/rosa.pdf used on input line 205.
(pdftex.def)             Requested size: 234.73524pt x 216.80968pt.
Package babel Info: Redefining portuges shorthand "|
(babel)             in language  on input line 209.
 [34 <./figuras//testes/verde.pdf>]
<figuras//testes/roxo.pdf, id=719, 655.44875pt x 610.28pt>
File: figuras//testes/roxo.pdf Graphic file (type pdf)

<use figuras//testes/roxo.pdf>
Package pdftex.def Info: figuras//testes/roxo.pdf used on input line 238.
(pdftex.def)             Requested size: 234.73524pt x 218.55524pt.
Package babel Info: Redefining portuges shorthand "|
(babel)             in language  on input line 242.
 [35 <./figuras//testes/rosa.pdf>]
Package babel Info: Redefining portuges shorthand "|
(babel)             in language  on input line 265.

<figuras//testes/vermelho.pdf, id=733, 666.49pt x 609.27625pt>
File: figuras//testes/vermelho.pdf Graphic file (type pdf)

<use figuras//testes/vermelho.pdf>
Package pdftex.def Info: figuras//testes/vermelho.pdf used on input line 272.
(pdftex.def)             Requested size: 234.73524pt x 214.57932pt.
Package babel Info: Redefining portuges shorthand "|
(babel)             in language  on input line 276.
 [36 <./figuras//testes/roxo.pdf>]
<figuras//testes/laranja.pdf, id=747, 662.475pt x 605.26125pt>
File: figuras//testes/laranja.pdf Graphic file (type pdf)

<use figuras//testes/laranja.pdf>
Package pdftex.def Info: figuras//testes/laranja.pdf used on input line 306.
(pdftex.def)             Requested size: 234.73524pt x 214.45825pt.
Package babel Info: Redefining portuges shorthand "|
(babel)             in language  on input line 310.
 [37 <./figuras//testes/vermelho.pdf>]
Package babel Info: Redefining portuges shorthand "|
(babel)             in language  on input line 335.

[38 <./figuras//testes/laranja.pdf>]
<figuras//testes/graficotestes.pdf, id=775, 1162.10161pt x 486.37709pt>
File: figuras//testes/graficotestes.pdf Graphic file (type pdf)

<use figuras//testes/graficotestes.pdf>
Package pdftex.def Info: figuras//testes/graficotestes.pdf used on input line 3
40.
(pdftex.def)             Requested size: 375.57782pt x 157.18752pt.
)
Package babel Info: Redefining portuges shorthand "|
(babel)             in language  on input line 107.
 [39 <./figuras//testes/graficotestes.pdf>]
\openout2 = `conclusao.aux'.

 (./conclusao.tex
Cap\'{\i }tulo 5.
Package babel Info: Redefining portuges shorthand "|
(babel)             in language  on input line 15.
Package babel Info: Redefining portuges shorthand "|
(babel)             in language  on input line 17.
Package babel Info: Redefining portuges shorthand "|
(babel)             in language  on input line 24.
[40



]
Package babel Info: Redefining portuges shorthand "|
(babel)             in language  on input line 24.
)
Package babel Info: Redefining portuges shorthand "|
(babel)             in language  on input line 108.
 [41]
Package babel Info: Redefining portuges shorthand "|
(babel)             in language  on input line 114.
 (./tcc.bbl
Package babel Info: Redefining portuges shorthand "|
(babel)             in language  on input line 84.
 [42



])
Package atveryend Info: Empty hook `BeforeClearDocument' on input line 130.
Package babel Info: Redefining portuges shorthand "|
(babel)             in language  on input line 130.
 [43]
Package atveryend Info: Empty hook `AfterLastShipout' on input line 130.
 (./tcc.aux (./cabecalho.aux) (./resumo.aux)
(./abstract.aux) (./introducao.aux) (./fundamentacao.aux) (./dev.aux)
(./resultados.aux) (./conclusao.aux))
Package atveryend Info: Executing hook `AtVeryEndDocument' on input line 130.
Package atveryend Info: Executing hook `AtEndAfterFileList' on input line 130.
Package rerunfilecheck Info: File `tcc.out' has not changed.
(rerunfilecheck)             Checksum: 8086BCE76DFC828CF245DFA2E842F00F;2502.


LaTeX Warning: There were multiply-defined labels.

Package atveryend Info: Empty hook `AtVeryVeryEnd' on input line 130.
 ) 
Here is how much of TeX's memory you used:
 11920 strings out of 493304
 174993 string characters out of 6139871
 289216 words of memory out of 5000000
 14930 multiletter control sequences out of 15000+600000
 15312 words of font info for 58 fonts, out of 8000000 for 9000
 957 hyphenation exceptions out of 8191
 40i,12n,60p,1864b,530s stack positions out of 5000i,500n,10000p,200000b,80000s
</usr/share/texlive/texmf-dist/fonts/type1/public/amsfonts/cm/cmbx10.pfb></us
r/share/texlive/texmf-dist/fonts/type1/public/amsfonts/cm/cmbx12.pfb></usr/shar
e/texlive/texmf-dist/fonts/type1/public/amsfonts/cm/cmcsc10.pfb></usr/share/tex
live/texmf-dist/fonts/type1/public/amsfonts/cm/cmr10.pfb></usr/share/texlive/te
xmf-dist/fonts/type1/public/amsfonts/cm/cmr12.pfb></usr/share/texlive/texmf-dis
t/fonts/type1/public/amsfonts/cm/cmr17.pfb></usr/share/texlive/texmf-dist/fonts
/type1/public/amsfonts/cm/cmr8.pfb></usr/share/texlive/texmf-dist/fonts/type1/p
ublic/amsfonts/cm/cmsy10.pfb></usr/share/texlive/texmf-dist/fonts/type1/public/
amsfonts/cm/cmti12.pfb>
Output written on tcc.pdf (43 pages, 6576745 bytes).
PDF statistics:
 881 PDF objects out of 1000 (max. 8388607)
 719 compressed objects within 8 object streams
 160 named destinations out of 1000 (max. 500000)
 429 words of extra memory for PDF output out of 10000 (max. 10000000)

